This is pdfTeX, Version 3.141592653-2.6-1.40.28 (TeX Live 2025) (preloaded format=pdflatex 2025.5.18)  31 MAY 2025 22:48
entering extended mode
 restricted \write18 enabled.
 file:line:error style messages enabled.
 %&-line parsing enabled.
**c:/Users/Hiba/Documents/GitHub/PFE/Rapport/MémoirePFE.tex
(c:/Users/Hiba/Documents/GitHub/PFE/Rapport/MémoirePFE.tex
LaTeX2e <2024-11-01> patch level 2
L3 programming layer <2025-04-29>
(c:/texlive/2025/texmf-dist/tex/latex/base/report.cls
Document Class: report 2024/06/29 v1.4n Standard LaTeX document class
(c:/texlive/2025/texmf-dist/tex/latex/base/size12.clo
File: size12.clo 2024/06/29 v1.4n Standard LaTeX file (size option)
)
\c@part=\count272
\c@chapter=\count273
\c@section=\count274
\c@subsection=\count275
\c@subsubsection=\count276
\c@paragraph=\count277
\c@subparagraph=\count278
\c@figure=\count279
\c@table=\count280
\abovecaptionskip=\skip49
\belowcaptionskip=\skip50
\bibindent=\dimen146
) (c:/texlive/2025/texmf-dist/tex/latex/base/fontenc.sty
Package: fontenc 2021/04/29 v2.0v Standard LaTeX package
) (c:/texlive/2025/texmf-dist/tex/generic/babel/babel.sty
Package: babel 2025/05/14 v25.9 The multilingual framework for pdfLaTeX, LuaLaTeX and XeLaTeX
\babel@savecnt=\count281
\U@D=\dimen147
\l@unhyphenated=\language90
 (c:/texlive/2025/texmf-dist/tex/generic/babel/txtbabel.def)
\bbl@readstream=\read2
\bbl@dirlevel=\count282
 (c:/texlive/2025/texmf-dist/tex/generic/babel-french/french.ldf
Language: french 2024-07-25 v3.6c French support from the babel system
 (c:/texlive/2025/texmf-dist/tex/generic/babel/locale/fr/babel-french.tex
Package babel Info: Importing font and identification data for french
(babel)             from babel-fr.ini. Reported on input line 11.
)
Package babel Info: Hyphen rules for 'acadian' set to \l@french
(babel)             (\language30). Reported on input line 91.
Package babel Info: Hyphen rules for 'canadien' set to \l@french
(babel)             (\language30). Reported on input line 92.
\FB@stdchar=\count283
Package babel Info: Making : an active character on input line 421.
Package babel Info: Making ; an active character on input line 422.
Package babel Info: Making ! an active character on input line 423.
Package babel Info: Making ? an active character on input line 424.
\FBguill@level=\count284
\FBold@everypar=\toks17
\FB@Mht=\dimen148
\mc@charclass=\count285
\mc@charfam=\count286
\mc@charslot=\count287
\std@mcc=\count288
\dec@mcc=\count289
\FB@parskip=\dimen149
\listindentFB=\dimen150
\descindentFB=\dimen151
\labelindentFB=\dimen152
\labelwidthFB=\dimen153
\leftmarginFB=\dimen154
\parindentFFN=\dimen155
\FBfnindent=\dimen156
)) (c:/texlive/2025/texmf-dist/tex/latex/carlisle/scalefnt.sty) (c:/texlive/2025/texmf-dist/tex/latex/amsmath/amsmath.sty
Package: amsmath 2024/11/05 v2.17t AMS math features
\@mathmargin=\skip51

For additional information on amsmath, use the `?' option.
(c:/texlive/2025/texmf-dist/tex/latex/amsmath/amstext.sty
Package: amstext 2021/08/26 v2.01 AMS text
 (c:/texlive/2025/texmf-dist/tex/latex/amsmath/amsgen.sty
File: amsgen.sty 1999/11/30 v2.0 generic functions
\@emptytoks=\toks18
\ex@=\dimen157
)) (c:/texlive/2025/texmf-dist/tex/latex/amsmath/amsbsy.sty
Package: amsbsy 1999/11/29 v1.2d Bold Symbols
\pmbraise@=\dimen158
) (c:/texlive/2025/texmf-dist/tex/latex/amsmath/amsopn.sty
Package: amsopn 2022/04/08 v2.04 operator names
)
\inf@bad=\count290
LaTeX Info: Redefining \frac on input line 233.
\uproot@=\count291
\leftroot@=\count292
LaTeX Info: Redefining \overline on input line 398.
LaTeX Info: Redefining \colon on input line 409.
\classnum@=\count293
\DOTSCASE@=\count294
LaTeX Info: Redefining \ldots on input line 495.
LaTeX Info: Redefining \dots on input line 498.
LaTeX Info: Redefining \cdots on input line 619.
\Mathstrutbox@=\box53
\strutbox@=\box54
LaTeX Info: Redefining \big on input line 721.
LaTeX Info: Redefining \Big on input line 722.
LaTeX Info: Redefining \bigg on input line 723.
LaTeX Info: Redefining \Bigg on input line 724.
\big@size=\dimen159
LaTeX Font Info:    Redeclaring font encoding OML on input line 742.
LaTeX Font Info:    Redeclaring font encoding OMS on input line 743.
\macc@depth=\count295
LaTeX Info: Redefining \bmod on input line 904.
LaTeX Info: Redefining \pmod on input line 909.
LaTeX Info: Redefining \smash on input line 939.
LaTeX Info: Redefining \relbar on input line 969.
LaTeX Info: Redefining \Relbar on input line 970.
\c@MaxMatrixCols=\count296
\dotsspace@=\muskip17
\c@parentequation=\count297
\dspbrk@lvl=\count298
\tag@help=\toks19
\row@=\count299
\column@=\count300
\maxfields@=\count301
\andhelp@=\toks20
\eqnshift@=\dimen160
\alignsep@=\dimen161
\tagshift@=\dimen162
\tagwidth@=\dimen163
\totwidth@=\dimen164
\lineht@=\dimen165
\@envbody=\toks21
\multlinegap=\skip52
\multlinetaggap=\skip53
\mathdisplay@stack=\toks22
LaTeX Info: Redefining \[ on input line 2953.
LaTeX Info: Redefining \] on input line 2954.
) (c:/texlive/2025/texmf-dist/tex/latex/amsfonts/amsfonts.sty
Package: amsfonts 2013/01/14 v3.01 Basic AMSFonts support
\symAMSa=\mathgroup4
\symAMSb=\mathgroup5
LaTeX Font Info:    Redeclaring math symbol \hbar on input line 98.
LaTeX Font Info:    Overwriting math alphabet `\mathfrak' in version `bold'
(Font)                  U/euf/m/n --> U/euf/b/n on input line 106.
) (c:/texlive/2025/texmf-dist/tex/latex/amsfonts/amssymb.sty
Package: amssymb 2013/01/14 v3.01 AMS font symbols
) (c:/texlive/2025/texmf-dist/tex/latex/amscls/amsthm.sty
Package: amsthm 2020/05/29 v2.20.6
\thm@style=\toks23
\thm@bodyfont=\toks24
\thm@headfont=\toks25
\thm@notefont=\toks26
\thm@headpunct=\toks27
\thm@preskip=\skip54
\thm@postskip=\skip55
\thm@headsep=\skip56
\dth@everypar=\toks28
) (c:/texlive/2025/texmf-dist/tex/latex/lettrine/lettrine.sty
File: lettrine.sty 2025-01-30 v2.80 (Daniel Flipo)
 (c:/texlive/2025/texmf-dist/tex/latex/l3packages/xfp/xfp.sty (c:/texlive/2025/texmf-dist/tex/latex/l3kernel/expl3.sty
Package: expl3 2025-04-29 L3 programming layer (loader) 
 (c:/texlive/2025/texmf-dist/tex/latex/l3backend/l3backend-pdftex.def
File: l3backend-pdftex.def 2025-04-14 L3 backend support: PDF output (pdfTeX)
\l__color_backend_stack_int=\count302
))
Package: xfp 2024-08-16 L3 Floating point unit
)
\c@DefaultLines=\count303
\c@DefaultDepth=\count304
\DefaultFindent=\dimen166
\DefaultNindent=\dimen167
\DefaultSlope=\dimen168
\DiscardVskip=\dimen169
\L@lettrine=\box55
\L@lbox=\box56
\L@tbox=\box57
\c@L@lines=\count305
\c@L@depth=\count306
\L@Pindent=\dimen170
\L@Findent=\dimen171
\L@Nindent=\dimen172
\L@lraise=\dimen173
\L@first=\dimen174
\L@next=\dimen175
\L@slope=\dimen176
\L@height=\dimen177
\L@novskip=\dimen178
\L@target@ht=\dimen179
\L@target@dp=\dimen180
\L@target@tht=\dimen181
\LettrineWidth=\dimen182
\LettrineHeight=\dimen183
\LettrineDepth=\dimen184
\L@finalht=\dimen185
\L@finaldp=\dimen186

Loading lettrine.cfg
(c:/texlive/2025/texmf-dist/tex/latex/lettrine/lettrine.cfg)
\Lettrine@tweaks=\toks29
\Llist@everypar=\toks30
) (c:/texlive/2025/texmf-dist/tex/latex/xcolor/xcolor.sty
Package: xcolor 2024/09/29 v3.02 LaTeX color extensions (UK)
 (c:/texlive/2025/texmf-dist/tex/latex/graphics-cfg/color.cfg
File: color.cfg 2016/01/02 v1.6 sample color configuration
)
Package xcolor Info: Driver file: pdftex.def on input line 274.
 (c:/texlive/2025/texmf-dist/tex/latex/graphics-def/pdftex.def
File: pdftex.def 2024/04/13 v1.2c Graphics/color driver for pdftex
) (c:/texlive/2025/texmf-dist/tex/latex/graphics/mathcolor.ltx)
Package xcolor Info: Model `cmy' substituted by `cmy0' on input line 1349.
Package xcolor Info: Model `hsb' substituted by `rgb' on input line 1353.
Package xcolor Info: Model `RGB' extended on input line 1365.
Package xcolor Info: Model `HTML' substituted by `rgb' on input line 1367.
Package xcolor Info: Model `Hsb' substituted by `hsb' on input line 1368.
Package xcolor Info: Model `tHsb' substituted by `hsb' on input line 1369.
Package xcolor Info: Model `HSB' substituted by `hsb' on input line 1370.
Package xcolor Info: Model `Gray' substituted by `gray' on input line 1371.
Package xcolor Info: Model `wave' substituted by `hsb' on input line 1372.
)
\c@theo=\count307
 (c:/texlive/2025/texmf-dist/tex/latex/preprint/fullpage.sty
Package: fullpage 1999/02/23 1.1 (PWD)
\FP@margin=\skip57
) (c:/texlive/2025/texmf-dist/tex/latex/graphics/graphicx.sty
Package: graphicx 2021/09/16 v1.2d Enhanced LaTeX Graphics (DPC,SPQR)
 (c:/texlive/2025/texmf-dist/tex/latex/graphics/keyval.sty
Package: keyval 2022/05/29 v1.15 key=value parser (DPC)
\KV@toks@=\toks31
) (c:/texlive/2025/texmf-dist/tex/latex/graphics/graphics.sty
Package: graphics 2024/08/06 v1.4g Standard LaTeX Graphics (DPC,SPQR)
 (c:/texlive/2025/texmf-dist/tex/latex/graphics/trig.sty
Package: trig 2023/12/02 v1.11 sin cos tan (DPC)
) (c:/texlive/2025/texmf-dist/tex/latex/graphics-cfg/graphics.cfg
File: graphics.cfg 2016/06/04 v1.11 sample graphics configuration
)
Package graphics Info: Driver file: pdftex.def on input line 106.
)
\Gin@req@height=\dimen187
\Gin@req@width=\dimen188
) (./MémoirePFE.aux (./Couverture.aux)
Package babel Info: 'french' activates 'french' shorthands.
(babel)             Reported  on input line 9.
 (./Remerciements.aux) (./Resume.aux) (./Abstract.aux) (./Chap0-Introduction.aux) (./Chap1-.aux) (./Chap2-.aux) (./Conclusion.aux) (./Bibliographie.aux))
\openout1 = `MémoirePFE.aux'.

LaTeX Font Info:    Checking defaults for OML/cmm/m/it on input line 49.
LaTeX Font Info:    ... okay on input line 49.
LaTeX Font Info:    Checking defaults for OMS/cmsy/m/n on input line 49.
LaTeX Font Info:    ... okay on input line 49.
LaTeX Font Info:    Checking defaults for OT1/cmr/m/n on input line 49.
LaTeX Font Info:    ... okay on input line 49.
LaTeX Font Info:    Checking defaults for T1/cmr/m/n on input line 49.
LaTeX Font Info:    ... okay on input line 49.
LaTeX Font Info:    Checking defaults for TS1/cmr/m/n on input line 49.
LaTeX Font Info:    ... okay on input line 49.
LaTeX Font Info:    Checking defaults for OMX/cmex/m/n on input line 49.
LaTeX Font Info:    ... okay on input line 49.
LaTeX Font Info:    Checking defaults for U/cmr/m/n on input line 49.
LaTeX Font Info:    ... okay on input line 49.
LaTeX Info: Redefining \degres on input line 49.
LaTeX Info: Redefining \up on input line 49.
 (c:/texlive/2025/texmf-dist/tex/context/base/mkii/supp-pdf.mkii
[Loading MPS to PDF converter (version 2006.09.02).]
\scratchcounter=\count308
\scratchdimen=\dimen189
\scratchbox=\box58
\nofMPsegments=\count309
\nofMParguments=\count310
\everyMPshowfont=\toks32
\MPscratchCnt=\count311
\MPscratchDim=\dimen190
\MPnumerator=\count312
\makeMPintoPDFobject=\count313
\everyMPtoPDFconversion=\toks33
) (c:/texlive/2025/texmf-dist/tex/latex/epstopdf-pkg/epstopdf-base.sty
Package: epstopdf-base 2020-01-24 v2.11 Base part for package epstopdf
Package epstopdf-base Info: Redefining graphics rule for `.eps' on input line 485.
 (c:/texlive/2025/texmf-dist/tex/latex/latexconfig/epstopdf-sys.cfg
File: epstopdf-sys.cfg 2010/07/13 v1.3 Configuration of (r)epstopdf for TeX Live
))
\openout2 = `Couverture.aux'.

 (./Couverture.tex
<LogoFsr.png, id=1, 642.2394pt x 305.7021pt>
File: LogoFsr.png Graphic file (type png)
<use LogoFsr.png>
Package pdftex.def Info: LogoFsr.png  used on input line 7.
(pdftex.def)             Requested size: 186.24464pt x 88.65132pt.
LaTeX Font Info:    Trying to load font information for U+msa on input line 44.
 (c:/texlive/2025/texmf-dist/tex/latex/amsfonts/umsa.fd
File: umsa.fd 2013/01/14 v3.01 AMS symbols A
)
LaTeX Font Info:    Trying to load font information for U+msb on input line 44.
 (c:/texlive/2025/texmf-dist/tex/latex/amsfonts/umsb.fd
File: umsb.fd 2013/01/14 v3.01 AMS symbols B
)

[1


{c:/texlive/2025/texmf-var/fonts/map/pdftex/updmap/pdftex.map}{c:/texlive/2025/texmf-dist/fonts/enc/dvips/cm-super/cm-super-t1.enc} <./LogoFsr.png>])
\openout2 = `Remerciements.aux'.

 (./Remerciements.tex
Underfull \hbox (badness 10000) in paragraph at lines 6--7

 []


Underfull \hbox (badness 10000) in paragraph at lines 8--9

 []


Underfull \hbox (badness 10000) in paragraph at lines 10--11

 []


Underfull \hbox (badness 10000) in paragraph at lines 12--13

 []


Underfull \hbox (badness 10000) in paragraph at lines 14--15

 []


Underfull \hbox (badness 10000) in paragraph at lines 16--17

 []

)

[1





]
\openout2 = `Resume.aux'.

 (./Resume.tex
Underfull \hbox (badness 10000) in paragraph at lines 7--8

 []


Underfull \hbox (badness 10000) in paragraph at lines 9--10

 []


Underfull \hbox (badness 10000) in paragraph at lines 11--12

 []

)
Underfull \hbox (badness 10000) in paragraph at lines 13--56

 []



[2




]
\openout2 = `Abstract.aux'.

 (./Abstract.tex
Underfull \hbox (badness 10000) in paragraph at lines 7--12

 []

)

[3




] (./MémoirePFE.toc)
\tf@toc=\write3
\openout3 = `MémoirePFE.toc'.



[4



]
\openout2 = `Chap0-Introduction.aux'.

 (./Chap0-Introduction.tex
Underfull \hbox (badness 10000) in paragraph at lines 5--6

 []


Underfull \hbox (badness 10000) in paragraph at lines 7--8

 []

)

[5


]
\openout2 = `Chap1-.aux'.

 (./Chap1-.tex
Chapitre 1.

Underfull \hbox (badness 10000) in paragraph at lines 4--5

 []


Underfull \hbox (badness 10000) in paragraph at lines 6--7

 []


Underfull \hbox (badness 10000) in paragraph at lines 8--9

 []

<fig1.png, id=34, 1003.75pt x 1003.75pt>
File: fig1.png Graphic file (type png)
<use fig1.png>
Package pdftex.def Info: fig1.png  used on input line 20.
(pdftex.def)             Requested size: 341.43896pt x 142.25475pt.
)

[1




 <./fig1.png>]

[2]
\openout2 = `Chap2-.aux'.

 (./Chap2-.tex
Chapitre 2.

Underfull \hbox (badness 10000) in paragraph at lines 6--7

 []


Underfull \hbox (badness 10000) in paragraph at lines 9--10

 []


Underfull \hbox (badness 10000) in paragraph at lines 24--25

 []


Underfull \hbox (badness 10000) in paragraph at lines 26--27

 []


Underfull \hbox (badness 10000) in paragraph at lines 28--29

 []



[3




]
Underfull \hbox (badness 10000) in paragraph at lines 34--35

 []


Underfull \hbox (badness 10000) in paragraph at lines 36--37

 []

)

[4]
\openout2 = `Conclusion.aux'.

 (./Conclusion.tex)

[5




]
\openout2 = `Bibliographie.aux'.

 (./Bibliographie.tex)

[6




] (./MémoirePFE.aux (./Couverture.aux) (./Remerciements.aux) (./Resume.aux) (./Abstract.aux) (./Chap0-Introduction.aux) (./Chap1-.aux) (./Chap2-.aux) (./Conclusion.aux) (./Bibliographie.aux))
 ***********
LaTeX2e <2024-11-01> patch level 2
L3 programming layer <2025-04-29>
 ***********
 ) 
Here is how much of TeX's memory you used:
 5891 strings out of 469589
 95790 string characters out of 5474498
 485784 words of memory out of 5000000
 32615 multiletter control sequences out of 15000+600000
 644519 words of font info for 83 fonts, out of 8000000 for 9000
 1141 hyphenation exceptions out of 8191
 73i,7n,77p,531b,428s stack positions out of 10000i,1000n,20000p,200000b,200000s
<c:/texlive/2025/texmf-dist/fonts/type1/public/cm-super/sfbx1200.pfb><c:/texlive/2025/texmf-dist/fonts/type1/public/cm-super/sfbx1440.pfb><c:/texlive/2025/texmf-dist/fonts/type1/public/cm-super/sfbx1728.pfb><c:/texlive/2025/texmf-dist/fonts/type1/public/cm-super/sfbx2074.pfb><c:/texlive/2025/texmf-dist/fonts/type1/public/cm-super/sfbx2488.pfb><c:/texlive/2025/texmf-dist/fonts/type1/public/cm-super/sfcc1200.pfb><c:/texlive/2025/texmf-dist/fonts/type1/public/cm-super/sfrm1200.pfb><c:/texlive/2025/texmf-dist/fonts/type1/public/cm-super/sfrm1440.pfb><c:/texlive/2025/texmf-dist/fonts/type1/public/cm-super/sfrm1728.pfb><c:/texlive/2025/texmf-dist/fonts/type1/public/cm-super/sfti1440.pfb><c:/texlive/2025/texmf-dist/fonts/type1/public/cm-super/sfxc1728.pfb>
Output written on MémoirePFE.pdf (12 pages, 698335 bytes).
PDF statistics:
 103 PDF objects out of 1000 (max. 8388607)
 63 compressed objects within 1 object stream
 0 named destinations out of 1000 (max. 500000)
 11 words of extra memory for PDF output out of 10000 (max. 10000000)

